!SESSION 2022-08-08 12:56:39.585 -----------------------------------------------
eclipse.buildId=unknown
java.fullversion=8.0.5.0 - pwa6480sr5-20170905_01(SR5)
JRE 1.8.0 IBM J9 2.9 Windows 7 amd64-64 Compressed References 20170901_363591 (JIT enabled, AOT enabled)
J9VM - d56eb84
JIT  - tr.open_20170901_140853_d56eb84
OMR  - b033a01
BootLoader constants: OS=win32, ARCH=x86_64, WS=win32, NL=ru_RU
Command-line arguments:  -clean -nl ru_RU -configuration D:\Program Files (x86)\IBM\ILOG\CPLEX_Studio128\workspace\.metadata\workspace_oplrun

!ENTRY ilog.odms.ide.opllang.remote 1 0 2022-08-08 12:56:39.585
!MESSAGE Run sportsCPO in D:/Program Files (x86)/IBM/ILOG/CPLEX_Studio128/workspace/sportsScheduling
!SESSION 2022-08-08 14:50:29.997 -----------------------------------------------
eclipse.buildId=unknown
java.fullversion=8.0.5.0 - pwa6480sr5-20170905_01(SR5)
JRE 1.8.0 IBM J9 2.9 Windows 7 amd64-64 Compressed References 20170901_363591 (JIT enabled, AOT enabled)
J9VM - d56eb84
JIT  - tr.open_20170901_140853_d56eb84
OMR  - b033a01
BootLoader constants: OS=win32, ARCH=x86_64, WS=win32, NL=ru_RU
Command-line arguments:  -clean -nl ru_RU -configuration D:\Program Files (x86)\IBM\ILOG\CPLEX_Studio128\workspace\.metadata\workspace_oplrun

!ENTRY ilog.odms.ide.opllang.remote 1 0 2022-08-08 14:50:29.997
!MESSAGE Run sportsCPO in D:/Program Files (x86)/IBM/ILOG/CPLEX_Studio128/workspace/sportsScheduling
!SESSION 2022-08-08 14:54:16.546 -----------------------------------------------
eclipse.buildId=unknown
java.fullversion=8.0.5.0 - pwa6480sr5-20170905_01(SR5)
JRE 1.8.0 IBM J9 2.9 Windows 7 amd64-64 Compressed References 20170901_363591 (JIT enabled, AOT enabled)
J9VM - d56eb84
JIT  - tr.open_20170901_140853_d56eb84
OMR  - b033a01
BootLoader constants: OS=win32, ARCH=x86_64, WS=win32, NL=ru_RU
Command-line arguments:  -clean -nl ru_RU -configuration D:\Program Files (x86)\IBM\ILOG\CPLEX_Studio128\workspace\.metadata\workspace_oplrun

!ENTRY ilog.odms.ide.opllang.remote 1 0 2022-08-08 14:54:16.546
!MESSAGE Run sportsCPLEX in D:/Program Files (x86)/IBM/ILOG/CPLEX_Studio128/workspace/sportsSchedulingCPLEX
!SESSION 2022-08-08 14:54:54.168 -----------------------------------------------
eclipse.buildId=unknown
java.fullversion=8.0.5.0 - pwa6480sr5-20170905_01(SR5)
JRE 1.8.0 IBM J9 2.9 Windows 7 amd64-64 Compressed References 20170901_363591 (JIT enabled, AOT enabled)
J9VM - d56eb84
JIT  - tr.open_20170901_140853_d56eb84
OMR  - b033a01
BootLoader constants: OS=win32, ARCH=x86_64, WS=win32, NL=ru_RU
Command-line arguments:  -clean -nl ru_RU -configuration D:\Program Files (x86)\IBM\ILOG\CPLEX_Studio128\workspace\.metadata\workspace_oplrun

!ENTRY ilog.odms.ide.opllang.remote 1 0 2022-08-08 14:54:54.168
!MESSAGE Run Main in D:/Program Files (x86)/IBM/ILOG/CPLEX_Studio128/workspace/basketballscheduling
!SESSION 2022-08-08 14:57:23.372 -----------------------------------------------
eclipse.buildId=unknown
java.fullversion=8.0.5.0 - pwa6480sr5-20170905_01(SR5)
JRE 1.8.0 IBM J9 2.9 Windows 7 amd64-64 Compressed References 20170901_363591 (JIT enabled, AOT enabled)
J9VM - d56eb84
JIT  - tr.open_20170901_140853_d56eb84
OMR  - b033a01
BootLoader constants: OS=win32, ARCH=x86_64, WS=win32, NL=ru_RU
Command-line arguments:  -clean -nl ru_RU -configuration D:\Program Files (x86)\IBM\ILOG\CPLEX_Studio128\workspace\.metadata\workspace_oplrun

!ENTRY ilog.odms.ide.opllang.remote 1 0 2022-08-08 14:57:23.372
!MESSAGE Run sportsCPO in D:/Program Files (x86)/IBM/ILOG/CPLEX_Studio128/workspace/sportsScheduling
!SESSION 2022-08-08 15:14:41.355 -----------------------------------------------
eclipse.buildId=unknown
java.fullversion=8.0.5.0 - pwa6480sr5-20170905_01(SR5)
JRE 1.8.0 IBM J9 2.9 Windows 7 amd64-64 Compressed References 20170901_363591 (JIT enabled, AOT enabled)
J9VM - d56eb84
JIT  - tr.open_20170901_140853_d56eb84
OMR  - b033a01
BootLoader constants: OS=win32, ARCH=x86_64, WS=win32, NL=ru_RU
Command-line arguments:  -clean -nl ru_RU -configuration D:\Program Files (x86)\IBM\ILOG\CPLEX_Studio128\workspace\.metadata\workspace_oplrun

!ENTRY ilog.odms.ide.opllang.remote 1 0 2022-08-08 15:14:41.355
!MESSAGE Run Конфигурация 1 in D:/Program Files (x86)/IBM/ILOG/CPLEX_Studio128/workspace/RTTP

!ENTRY ilog.odms.ide.opllang.remote 4 0 2022-08-08 15:14:41.402
!MESSAGE load failed
!STACK 1
org.eclipse.core.runtime.CoreException: load failed
	at ilog.odms.ide.opllang.remote.IloOplRunConfigRunner.doSetUpModel(IloOplRunConfigRunner.java:146)
	at ilog.odms.ide.opllang.remote.IloOplRunConfigRunner.doRun(IloOplRunConfigRunner.java:374)
	at ilog.odms.ide.opllang.run.IloAbstractRunShell$2.run(IloAbstractRunShell.java:1587)
	at org.eclipse.core.internal.jobs.Worker.run(Worker.java:54)
Caused by: ilog.concert.IloException: Êîíôèãóðàöèÿ âûïîëíåíèÿ "Конфигурация 1" íå ñóùåñòâóåò.
	at ilog.opl.opl_lang_wrapJNI.IloOplRunConfiguration_getCppOplModel(Native Method)
	at ilog.opl.IloOplRunConfiguration.getCppOplModel(IloOplRunConfiguration.java:226)
	at ilog.opl.IloOplRunConfiguration.getOplModel(IloOplRunConfiguration.java:116)
	at ilog.odms.ide.opllang.remote.IloOplRunConfigRunner.doSetUpModel(IloOplRunConfigRunner.java:140)
	... 3 more
!SUBENTRY 1 ilog.odms.ide.opllang.remote 4 0 2022-08-08 15:14:41.417
!MESSAGE load failed
!STACK 0
ilog.concert.IloException: Êîíôèãóðàöèÿ âûïîëíåíèÿ "Конфигурация 1" íå ñóùåñòâóåò.
	at ilog.opl.opl_lang_wrapJNI.IloOplRunConfiguration_getCppOplModel(Native Method)
	at ilog.opl.IloOplRunConfiguration.getCppOplModel(IloOplRunConfiguration.java:226)
	at ilog.opl.IloOplRunConfiguration.getOplModel(IloOplRunConfiguration.java:116)
	at ilog.odms.ide.opllang.remote.IloOplRunConfigRunner.doSetUpModel(IloOplRunConfigRunner.java:140)
	at ilog.odms.ide.opllang.remote.IloOplRunConfigRunner.doRun(IloOplRunConfigRunner.java:374)
	at ilog.odms.ide.opllang.run.IloAbstractRunShell$2.run(IloAbstractRunShell.java:1587)
	at org.eclipse.core.internal.jobs.Worker.run(Worker.java:54)
!SESSION 2022-08-08 15:17:55.182 -----------------------------------------------
eclipse.buildId=unknown
java.fullversion=8.0.5.0 - pwa6480sr5-20170905_01(SR5)
JRE 1.8.0 IBM J9 2.9 Windows 7 amd64-64 Compressed References 20170901_363591 (JIT enabled, AOT enabled)
J9VM - d56eb84
JIT  - tr.open_20170901_140853_d56eb84
OMR  - b033a01
BootLoader constants: OS=win32, ARCH=x86_64, WS=win32, NL=ru_RU
Command-line arguments:  -clean -nl ru_RU -configuration D:\Program Files (x86)\IBM\ILOG\CPLEX_Studio128\workspace\.metadata\workspace_oplrun

!ENTRY ilog.odms.ide.opllang.remote 1 0 2022-08-08 15:17:55.182
!MESSAGE Run Конфигурация 1 in D:/Program Files (x86)/IBM/ILOG/CPLEX_Studio128/workspace/RTTP

!ENTRY ilog.odms.ide.opllang.remote 4 0 2022-08-08 15:17:55.213
!MESSAGE load failed
!STACK 1
org.eclipse.core.runtime.CoreException: load failed
	at ilog.odms.ide.opllang.remote.IloOplRunConfigRunner.doSetUpModel(IloOplRunConfigRunner.java:146)
	at ilog.odms.ide.opllang.remote.IloOplRunConfigRunner.doRun(IloOplRunConfigRunner.java:374)
	at ilog.odms.ide.opllang.run.IloAbstractRunShell$2.run(IloAbstractRunShell.java:1587)
	at org.eclipse.core.internal.jobs.Worker.run(Worker.java:54)
Caused by: ilog.concert.IloException: Êîíôèãóðàöèÿ âûïîëíåíèÿ "Конфигурация 1" íå ñóùåñòâóåò.
	at ilog.opl.opl_lang_wrapJNI.IloOplRunConfiguration_getCppOplModel(Native Method)
	at ilog.opl.IloOplRunConfiguration.getCppOplModel(IloOplRunConfiguration.java:226)
	at ilog.opl.IloOplRunConfiguration.getOplModel(IloOplRunConfiguration.java:116)
	at ilog.odms.ide.opllang.remote.IloOplRunConfigRunner.doSetUpModel(IloOplRunConfigRunner.java:140)
	... 3 more
!SUBENTRY 1 ilog.odms.ide.opllang.remote 4 0 2022-08-08 15:17:55.213
!MESSAGE load failed
!STACK 0
ilog.concert.IloException: Êîíôèãóðàöèÿ âûïîëíåíèÿ "Конфигурация 1" íå ñóùåñòâóåò.
	at ilog.opl.opl_lang_wrapJNI.IloOplRunConfiguration_getCppOplModel(Native Method)
	at ilog.opl.IloOplRunConfiguration.getCppOplModel(IloOplRunConfiguration.java:226)
	at ilog.opl.IloOplRunConfiguration.getOplModel(IloOplRunConfiguration.java:116)
	at ilog.odms.ide.opllang.remote.IloOplRunConfigRunner.doSetUpModel(IloOplRunConfigRunner.java:140)
	at ilog.odms.ide.opllang.remote.IloOplRunConfigRunner.doRun(IloOplRunConfigRunner.java:374)
	at ilog.odms.ide.opllang.run.IloAbstractRunShell$2.run(IloAbstractRunShell.java:1587)
	at org.eclipse.core.internal.jobs.Worker.run(Worker.java:54)
!SESSION 2022-08-08 16:31:24.937 -----------------------------------------------
eclipse.buildId=unknown
java.fullversion=8.0.5.0 - pwa6480sr5-20170905_01(SR5)
JRE 1.8.0 IBM J9 2.9 Windows 7 amd64-64 Compressed References 20170901_363591 (JIT enabled, AOT enabled)
J9VM - d56eb84
JIT  - tr.open_20170901_140853_d56eb84
OMR  - b033a01
BootLoader constants: OS=win32, ARCH=x86_64, WS=win32, NL=ru_RU
Command-line arguments:  -clean -nl ru_RU -configuration D:\Program Files (x86)\IBM\ILOG\CPLEX_Studio128\workspace\.metadata\workspace_oplrun

!ENTRY ilog.odms.ide.opllang.remote 1 0 2022-08-08 16:31:24.938
!MESSAGE Run Конфигурация 1 in D:/Program Files (x86)/IBM/ILOG/CPLEX_Studio128/workspace/RTTP

!ENTRY ilog.odms.ide.opllang.remote 4 0 2022-08-08 16:31:24.979
!MESSAGE load failed
!STACK 1
org.eclipse.core.runtime.CoreException: load failed
	at ilog.odms.ide.opllang.remote.IloOplRunConfigRunner.doSetUpModel(IloOplRunConfigRunner.java:146)
	at ilog.odms.ide.opllang.remote.IloOplRunConfigRunner.doRun(IloOplRunConfigRunner.java:374)
	at ilog.odms.ide.opllang.run.IloAbstractRunShell$2.run(IloAbstractRunShell.java:1587)
	at org.eclipse.core.internal.jobs.Worker.run(Worker.java:54)
Caused by: ilog.concert.IloException: Êîíôèãóðàöèÿ âûïîëíåíèÿ "Конфигурация 1" íå ñóùåñòâóåò.
	at ilog.opl.opl_lang_wrapJNI.IloOplRunConfiguration_getCppOplModel(Native Method)
	at ilog.opl.IloOplRunConfiguration.getCppOplModel(IloOplRunConfiguration.java:226)
	at ilog.opl.IloOplRunConfiguration.getOplModel(IloOplRunConfiguration.java:116)
	at ilog.odms.ide.opllang.remote.IloOplRunConfigRunner.doSetUpModel(IloOplRunConfigRunner.java:140)
	... 3 more
!SUBENTRY 1 ilog.odms.ide.opllang.remote 4 0 2022-08-08 16:31:24.980
!MESSAGE load failed
!STACK 0
ilog.concert.IloException: Êîíôèãóðàöèÿ âûïîëíåíèÿ "Конфигурация 1" íå ñóùåñòâóåò.
	at ilog.opl.opl_lang_wrapJNI.IloOplRunConfiguration_getCppOplModel(Native Method)
	at ilog.opl.IloOplRunConfiguration.getCppOplModel(IloOplRunConfiguration.java:226)
	at ilog.opl.IloOplRunConfiguration.getOplModel(IloOplRunConfiguration.java:116)
	at ilog.odms.ide.opllang.remote.IloOplRunConfigRunner.doSetUpModel(IloOplRunConfigRunner.java:140)
	at ilog.odms.ide.opllang.remote.IloOplRunConfigRunner.doRun(IloOplRunConfigRunner.java:374)
	at ilog.odms.ide.opllang.run.IloAbstractRunShell$2.run(IloAbstractRunShell.java:1587)
	at org.eclipse.core.internal.jobs.Worker.run(Worker.java:54)
!SESSION 2022-08-08 16:32:11.646 -----------------------------------------------
eclipse.buildId=unknown
java.fullversion=8.0.5.0 - pwa6480sr5-20170905_01(SR5)
JRE 1.8.0 IBM J9 2.9 Windows 7 amd64-64 Compressed References 20170901_363591 (JIT enabled, AOT enabled)
J9VM - d56eb84
JIT  - tr.open_20170901_140853_d56eb84
OMR  - b033a01
BootLoader constants: OS=win32, ARCH=x86_64, WS=win32, NL=ru_RU
Command-line arguments:  -clean -nl ru_RU -configuration D:\Program Files (x86)\IBM\ILOG\CPLEX_Studio128\workspace\.metadata\workspace_oplrun

!ENTRY ilog.odms.ide.opllang.remote 1 0 2022-08-08 16:32:11.648
!MESSAGE Run Конфигурация 1 in D:/Program Files (x86)/IBM/ILOG/CPLEX_Studio128/workspace/RTTP

!ENTRY ilog.odms.ide.opllang.remote 4 0 2022-08-08 16:32:11.686
!MESSAGE load failed
!STACK 1
org.eclipse.core.runtime.CoreException: load failed
	at ilog.odms.ide.opllang.remote.IloOplRunConfigRunner.doSetUpModel(IloOplRunConfigRunner.java:146)
	at ilog.odms.ide.opllang.remote.IloOplRunConfigRunner.doRun(IloOplRunConfigRunner.java:374)
	at ilog.odms.ide.opllang.run.IloAbstractRunShell$2.run(IloAbstractRunShell.java:1587)
	at org.eclipse.core.internal.jobs.Worker.run(Worker.java:54)
Caused by: ilog.concert.IloException: Êîíôèãóðàöèÿ âûïîëíåíèÿ "Конфигурация 1" íå ñóùåñòâóåò.
	at ilog.opl.opl_lang_wrapJNI.IloOplRunConfiguration_getCppOplModel(Native Method)
	at ilog.opl.IloOplRunConfiguration.getCppOplModel(IloOplRunConfiguration.java:226)
	at ilog.opl.IloOplRunConfiguration.getOplModel(IloOplRunConfiguration.java:116)
	at ilog.odms.ide.opllang.remote.IloOplRunConfigRunner.doSetUpModel(IloOplRunConfigRunner.java:140)
	... 3 more
!SUBENTRY 1 ilog.odms.ide.opllang.remote 4 0 2022-08-08 16:32:11.687
!MESSAGE load failed
!STACK 0
ilog.concert.IloException: Êîíôèãóðàöèÿ âûïîëíåíèÿ "Конфигурация 1" íå ñóùåñòâóåò.
	at ilog.opl.opl_lang_wrapJNI.IloOplRunConfiguration_getCppOplModel(Native Method)
	at ilog.opl.IloOplRunConfiguration.getCppOplModel(IloOplRunConfiguration.java:226)
	at ilog.opl.IloOplRunConfiguration.getOplModel(IloOplRunConfiguration.java:116)
	at ilog.odms.ide.opllang.remote.IloOplRunConfigRunner.doSetUpModel(IloOplRunConfigRunner.java:140)
	at ilog.odms.ide.opllang.remote.IloOplRunConfigRunner.doRun(IloOplRunConfigRunner.java:374)
	at ilog.odms.ide.opllang.run.IloAbstractRunShell$2.run(IloAbstractRunShell.java:1587)
	at org.eclipse.core.internal.jobs.Worker.run(Worker.java:54)
!SESSION 2022-08-08 16:34:39.394 -----------------------------------------------
eclipse.buildId=unknown
java.fullversion=8.0.5.0 - pwa6480sr5-20170905_01(SR5)
JRE 1.8.0 IBM J9 2.9 Windows 7 amd64-64 Compressed References 20170901_363591 (JIT enabled, AOT enabled)
J9VM - d56eb84
JIT  - tr.open_20170901_140853_d56eb84
OMR  - b033a01
BootLoader constants: OS=win32, ARCH=x86_64, WS=win32, NL=ru_RU
Command-line arguments:  -clean -nl ru_RU -configuration D:\Program Files (x86)\IBM\ILOG\CPLEX_Studio128\workspace\.metadata\workspace_oplrun

!ENTRY ilog.odms.ide.opllang.remote 1 0 2022-08-08 16:34:39.395
!MESSAGE Run RTTP in D:/Program Files (x86)/IBM/ILOG/CPLEX_Studio128/workspace/RTTP
!SESSION 2022-08-09 14:43:02.359 -----------------------------------------------
eclipse.buildId=unknown
java.fullversion=8.0.5.0 - pwa6480sr5-20170905_01(SR5)
JRE 1.8.0 IBM J9 2.9 Windows 7 amd64-64 Compressed References 20170901_363591 (JIT enabled, AOT enabled)
J9VM - d56eb84
JIT  - tr.open_20170901_140853_d56eb84
OMR  - b033a01
BootLoader constants: OS=win32, ARCH=x86_64, WS=win32, NL=ru_RU
Command-line arguments:  -clean -nl ru_RU -configuration D:\Program Files (x86)\IBM\ILOG\CPLEX_Studio128\workspace\.metadata\workspace_oplrun

!ENTRY ilog.odms.ide.opllang.remote 1 0 2022-08-09 14:43:02.369
!MESSAGE Run extra_matches in C:/Users/Дмитрий/opl/extra_matches

!ENTRY ilog.odms.ide.opllang.remote 4 0 2022-08-09 14:43:02.539
!MESSAGE load failed
!STACK 1
org.eclipse.core.runtime.CoreException: load failed
	at ilog.odms.ide.opllang.remote.IloOplRunConfigRunner.doSetUpModel(IloOplRunConfigRunner.java:146)
	at ilog.odms.ide.opllang.remote.IloOplRunConfigRunner.doRun(IloOplRunConfigRunner.java:374)
	at ilog.odms.ide.opllang.run.IloAbstractRunShell$2.run(IloAbstractRunShell.java:1587)
	at org.eclipse.core.internal.jobs.Worker.run(Worker.java:54)
Caused by: ilog.concert.IloException: Ôàéë "C:/Users/Дмитрий/opl/extra_matches" íå íàéäåí.
	at ilog.opl.opl_lang_wrapJNI.IloOplRunConfiguration_getCppOplModel(Native Method)
	at ilog.opl.IloOplRunConfiguration.getCppOplModel(IloOplRunConfiguration.java:226)
	at ilog.opl.IloOplRunConfiguration.getOplModel(IloOplRunConfiguration.java:116)
	at ilog.odms.ide.opllang.remote.IloOplRunConfigRunner.doSetUpModel(IloOplRunConfigRunner.java:140)
	... 3 more
!SUBENTRY 1 ilog.odms.ide.opllang.remote 4 0 2022-08-09 14:43:02.539
!MESSAGE load failed
!STACK 0
ilog.concert.IloException: Ôàéë "C:/Users/Дмитрий/opl/extra_matches" íå íàéäåí.
	at ilog.opl.opl_lang_wrapJNI.IloOplRunConfiguration_getCppOplModel(Native Method)
	at ilog.opl.IloOplRunConfiguration.getCppOplModel(IloOplRunConfiguration.java:226)
	at ilog.opl.IloOplRunConfiguration.getOplModel(IloOplRunConfiguration.java:116)
	at ilog.odms.ide.opllang.remote.IloOplRunConfigRunner.doSetUpModel(IloOplRunConfigRunner.java:140)
	at ilog.odms.ide.opllang.remote.IloOplRunConfigRunner.doRun(IloOplRunConfigRunner.java:374)
	at ilog.odms.ide.opllang.run.IloAbstractRunShell$2.run(IloAbstractRunShell.java:1587)
	at org.eclipse.core.internal.jobs.Worker.run(Worker.java:54)
!SESSION 2022-08-09 14:44:46.325 -----------------------------------------------
eclipse.buildId=unknown
java.fullversion=8.0.5.0 - pwa6480sr5-20170905_01(SR5)
JRE 1.8.0 IBM J9 2.9 Windows 7 amd64-64 Compressed References 20170901_363591 (JIT enabled, AOT enabled)
J9VM - d56eb84
JIT  - tr.open_20170901_140853_d56eb84
OMR  - b033a01
BootLoader constants: OS=win32, ARCH=x86_64, WS=win32, NL=ru_RU
Command-line arguments:  -clean -nl ru_RU -configuration D:\Program Files (x86)\IBM\ILOG\CPLEX_Studio128\workspace\.metadata\workspace_oplrun

!ENTRY ilog.odms.ide.opllang.remote 1 0 2022-08-09 14:44:46.325
!MESSAGE Run extra_matches in D:/Program Files (x86)/IBM/ILOG/CPLEX_Studio128/workspace/extra_matches
!SESSION 2022-08-09 14:47:22.411 -----------------------------------------------
eclipse.buildId=unknown
java.fullversion=8.0.5.0 - pwa6480sr5-20170905_01(SR5)
JRE 1.8.0 IBM J9 2.9 Windows 7 amd64-64 Compressed References 20170901_363591 (JIT enabled, AOT enabled)
J9VM - d56eb84
JIT  - tr.open_20170901_140853_d56eb84
OMR  - b033a01
BootLoader constants: OS=win32, ARCH=x86_64, WS=win32, NL=ru_RU
Command-line arguments:  -clean -nl ru_RU -configuration D:\Program Files (x86)\IBM\ILOG\CPLEX_Studio128\workspace\.metadata\workspace_oplrun

!ENTRY ilog.odms.ide.opllang.remote 1 0 2022-08-09 14:47:22.411
!MESSAGE Run extra_matches in D:/Program Files (x86)/IBM/ILOG/CPLEX_Studio128/workspace/extra_matches
!SESSION 2022-08-09 14:47:39.681 -----------------------------------------------
eclipse.buildId=unknown
java.fullversion=8.0.5.0 - pwa6480sr5-20170905_01(SR5)
JRE 1.8.0 IBM J9 2.9 Windows 7 amd64-64 Compressed References 20170901_363591 (JIT enabled, AOT enabled)
J9VM - d56eb84
JIT  - tr.open_20170901_140853_d56eb84
OMR  - b033a01
BootLoader constants: OS=win32, ARCH=x86_64, WS=win32, NL=ru_RU
Command-line arguments:  -clean -nl ru_RU -configuration D:\Program Files (x86)\IBM\ILOG\CPLEX_Studio128\workspace\.metadata\workspace_oplrun

!ENTRY ilog.odms.ide.opllang.remote 1 0 2022-08-09 14:47:39.681
!MESSAGE Run extra_matches in D:/Program Files (x86)/IBM/ILOG/CPLEX_Studio128/workspace/extra_matches
!SESSION 2022-08-09 14:48:51.553 -----------------------------------------------
eclipse.buildId=unknown
java.fullversion=8.0.5.0 - pwa6480sr5-20170905_01(SR5)
JRE 1.8.0 IBM J9 2.9 Windows 7 amd64-64 Compressed References 20170901_363591 (JIT enabled, AOT enabled)
J9VM - d56eb84
JIT  - tr.open_20170901_140853_d56eb84
OMR  - b033a01
BootLoader constants: OS=win32, ARCH=x86_64, WS=win32, NL=ru_RU
Command-line arguments:  -clean -nl ru_RU -configuration D:\Program Files (x86)\IBM\ILOG\CPLEX_Studio128\workspace\.metadata\workspace_oplrun

!ENTRY ilog.odms.ide.opllang.remote 1 0 2022-08-09 14:48:51.553
!MESSAGE Run extra_matches in D:/Program Files (x86)/IBM/ILOG/CPLEX_Studio128/workspace/extra_matches
!SESSION 2022-08-09 14:49:46.515 -----------------------------------------------
eclipse.buildId=unknown
java.fullversion=8.0.5.0 - pwa6480sr5-20170905_01(SR5)
JRE 1.8.0 IBM J9 2.9 Windows 7 amd64-64 Compressed References 20170901_363591 (JIT enabled, AOT enabled)
J9VM - d56eb84
JIT  - tr.open_20170901_140853_d56eb84
OMR  - b033a01
BootLoader constants: OS=win32, ARCH=x86_64, WS=win32, NL=ru_RU
Command-line arguments:  -clean -nl ru_RU -configuration D:\Program Files (x86)\IBM\ILOG\CPLEX_Studio128\workspace\.metadata\workspace_oplrun

!ENTRY ilog.odms.ide.opllang.remote 1 0 2022-08-09 14:49:46.515
!MESSAGE Run extra_matches in D:/Program Files (x86)/IBM/ILOG/CPLEX_Studio128/workspace/extra_matches
!SESSION 2022-08-09 15:19:28.952 -----------------------------------------------
eclipse.buildId=unknown
java.fullversion=8.0.5.0 - pwa6480sr5-20170905_01(SR5)
JRE 1.8.0 IBM J9 2.9 Windows 7 amd64-64 Compressed References 20170901_363591 (JIT enabled, AOT enabled)
J9VM - d56eb84
JIT  - tr.open_20170901_140853_d56eb84
OMR  - b033a01
BootLoader constants: OS=win32, ARCH=x86_64, WS=win32, NL=ru_RU
Command-line arguments:  -clean -nl ru_RU -configuration D:\Program Files (x86)\IBM\ILOG\CPLEX_Studio128\workspace\.metadata\workspace_oplrun

!ENTRY ilog.odms.ide.opllang.remote 1 0 2022-08-09 15:19:28.952
!MESSAGE Run extra_matches in D:/Program Files (x86)/IBM/ILOG/CPLEX_Studio128/workspace/extra_matches
!SESSION 2022-08-09 15:19:44.552 -----------------------------------------------
eclipse.buildId=unknown
java.fullversion=8.0.5.0 - pwa6480sr5-20170905_01(SR5)
JRE 1.8.0 IBM J9 2.9 Windows 7 amd64-64 Compressed References 20170901_363591 (JIT enabled, AOT enabled)
J9VM - d56eb84
JIT  - tr.open_20170901_140853_d56eb84
OMR  - b033a01
BootLoader constants: OS=win32, ARCH=x86_64, WS=win32, NL=ru_RU
Command-line arguments:  -clean -nl ru_RU -configuration D:\Program Files (x86)\IBM\ILOG\CPLEX_Studio128\workspace\.metadata\workspace_oplrun

!ENTRY ilog.odms.ide.opllang.remote 1 0 2022-08-09 15:19:44.552
!MESSAGE Run extra_matches in D:/Program Files (x86)/IBM/ILOG/CPLEX_Studio128/workspace/extra_matches
!SESSION 2022-08-09 15:20:32.397 -----------------------------------------------
eclipse.buildId=unknown
java.fullversion=8.0.5.0 - pwa6480sr5-20170905_01(SR5)
JRE 1.8.0 IBM J9 2.9 Windows 7 amd64-64 Compressed References 20170901_363591 (JIT enabled, AOT enabled)
J9VM - d56eb84
JIT  - tr.open_20170901_140853_d56eb84
OMR  - b033a01
BootLoader constants: OS=win32, ARCH=x86_64, WS=win32, NL=ru_RU
Command-line arguments:  -clean -nl ru_RU -configuration D:\Program Files (x86)\IBM\ILOG\CPLEX_Studio128\workspace\.metadata\workspace_oplrun

!ENTRY ilog.odms.ide.opllang.remote 1 0 2022-08-09 15:20:32.397
!MESSAGE Run extra_matches in D:/Program Files (x86)/IBM/ILOG/CPLEX_Studio128/workspace/extra_matches
!SESSION 2022-08-09 15:37:59.208 -----------------------------------------------
eclipse.buildId=unknown
java.fullversion=8.0.5.0 - pwa6480sr5-20170905_01(SR5)
JRE 1.8.0 IBM J9 2.9 Windows 7 amd64-64 Compressed References 20170901_363591 (JIT enabled, AOT enabled)
J9VM - d56eb84
JIT  - tr.open_20170901_140853_d56eb84
OMR  - b033a01
BootLoader constants: OS=win32, ARCH=x86_64, WS=win32, NL=ru_RU
Command-line arguments:  -clean -nl ru_RU -configuration D:\Program Files (x86)\IBM\ILOG\CPLEX_Studio128\workspace\.metadata\workspace_oplrun

!ENTRY ilog.odms.ide.opllang 2 0 2022-08-09 15:37:59.208
!MESSAGE opl_lang_wrap.IloSetGlobalLocale() null GB18030

!ENTRY ilog.odms.ide.opllang.remote 1 0 2022-08-09 15:37:59.378
!MESSAGE Run extra_matches in D:/Program Files (x86)/IBM/ILOG/CPLEX_Studio128/workspace/extra_matches
!SESSION 2022-08-09 15:38:27.461 -----------------------------------------------
eclipse.buildId=unknown
java.fullversion=8.0.5.0 - pwa6480sr5-20170905_01(SR5)
JRE 1.8.0 IBM J9 2.9 Windows 7 amd64-64 Compressed References 20170901_363591 (JIT enabled, AOT enabled)
J9VM - d56eb84
JIT  - tr.open_20170901_140853_d56eb84
OMR  - b033a01
BootLoader constants: OS=win32, ARCH=x86_64, WS=win32, NL=ru_RU
Command-line arguments:  -clean -nl ru_RU -configuration D:\Program Files (x86)\IBM\ILOG\CPLEX_Studio128\workspace\.metadata\workspace_oplrun

!ENTRY ilog.odms.ide.opllang 2 0 2022-08-09 15:38:27.461
!MESSAGE opl_lang_wrap.IloSetGlobalLocale() null CP1251

!ENTRY ilog.odms.ide.opllang.remote 1 0 2022-08-09 15:38:27.641
!MESSAGE Run extra_matches in D:/Program Files (x86)/IBM/ILOG/CPLEX_Studio128/workspace/extra_matches
!SESSION 2022-08-09 15:57:50.973 -----------------------------------------------
eclipse.buildId=unknown
java.fullversion=8.0.5.0 - pwa6480sr5-20170905_01(SR5)
JRE 1.8.0 IBM J9 2.9 Windows 7 amd64-64 Compressed References 20170901_363591 (JIT enabled, AOT enabled)
J9VM - d56eb84
JIT  - tr.open_20170901_140853_d56eb84
OMR  - b033a01
BootLoader constants: OS=win32, ARCH=x86_64, WS=win32, NL=ru_RU
Command-line arguments:  -clean -nl ru_RU -configuration D:\Program Files (x86)\IBM\ILOG\CPLEX_Studio128\workspace\.metadata\workspace_oplrun

!ENTRY ilog.odms.ide.opllang 2 0 2022-08-09 15:57:50.973
!MESSAGE opl_lang_wrap.IloSetGlobalLocale() null CP1251

!ENTRY ilog.odms.ide.opllang.remote 1 0 2022-08-09 15:57:51.033
!MESSAGE Run extra_matches in D:/Program Files (x86)/IBM/ILOG/CPLEX_Studio128/workspace/extra_matches
!SESSION 2022-08-09 15:58:03.172 -----------------------------------------------
eclipse.buildId=unknown
java.fullversion=8.0.5.0 - pwa6480sr5-20170905_01(SR5)
JRE 1.8.0 IBM J9 2.9 Windows 7 amd64-64 Compressed References 20170901_363591 (JIT enabled, AOT enabled)
J9VM - d56eb84
JIT  - tr.open_20170901_140853_d56eb84
OMR  - b033a01
BootLoader constants: OS=win32, ARCH=x86_64, WS=win32, NL=ru_RU
Command-line arguments:  -clean -nl ru_RU -configuration D:\Program Files (x86)\IBM\ILOG\CPLEX_Studio128\workspace\.metadata\workspace_oplrun

!ENTRY ilog.odms.ide.opllang 2 0 2022-08-09 15:58:03.172
!MESSAGE opl_lang_wrap.IloSetGlobalLocale() null CP1251

!ENTRY ilog.odms.ide.opllang.remote 1 0 2022-08-09 15:58:03.232
!MESSAGE Run extra_matches in D:/Program Files (x86)/IBM/ILOG/CPLEX_Studio128/workspace/extra_matches
!SESSION 2022-08-09 15:58:22.435 -----------------------------------------------
eclipse.buildId=unknown
java.fullversion=8.0.5.0 - pwa6480sr5-20170905_01(SR5)
JRE 1.8.0 IBM J9 2.9 Windows 7 amd64-64 Compressed References 20170901_363591 (JIT enabled, AOT enabled)
J9VM - d56eb84
JIT  - tr.open_20170901_140853_d56eb84
OMR  - b033a01
BootLoader constants: OS=win32, ARCH=x86_64, WS=win32, NL=ru_RU
Command-line arguments:  -clean -nl ru_RU -configuration D:\Program Files (x86)\IBM\ILOG\CPLEX_Studio128\workspace\.metadata\workspace_oplrun

!ENTRY ilog.odms.ide.opllang 2 0 2022-08-09 15:58:22.435
!MESSAGE opl_lang_wrap.IloSetGlobalLocale() null CP1251

!ENTRY ilog.odms.ide.opllang.remote 1 0 2022-08-09 15:58:22.555
!MESSAGE Run extra_matches in D:/Program Files (x86)/IBM/ILOG/CPLEX_Studio128/workspace/extra_matches
!SESSION 2022-08-09 15:58:30.819 -----------------------------------------------
eclipse.buildId=unknown
java.fullversion=8.0.5.0 - pwa6480sr5-20170905_01(SR5)
JRE 1.8.0 IBM J9 2.9 Windows 7 amd64-64 Compressed References 20170901_363591 (JIT enabled, AOT enabled)
J9VM - d56eb84
JIT  - tr.open_20170901_140853_d56eb84
OMR  - b033a01
BootLoader constants: OS=win32, ARCH=x86_64, WS=win32, NL=ru_RU
Command-line arguments:  -clean -nl ru_RU -configuration D:\Program Files (x86)\IBM\ILOG\CPLEX_Studio128\workspace\.metadata\workspace_oplrun

!ENTRY ilog.odms.ide.opllang 2 0 2022-08-09 15:58:30.819
!MESSAGE opl_lang_wrap.IloSetGlobalLocale() null CP1251

!ENTRY ilog.odms.ide.opllang.remote 1 0 2022-08-09 15:58:30.949
!MESSAGE Run extra_matches in D:/Program Files (x86)/IBM/ILOG/CPLEX_Studio128/workspace/extra_matches
!SESSION 2022-08-09 15:58:50.704 -----------------------------------------------
eclipse.buildId=unknown
java.fullversion=8.0.5.0 - pwa6480sr5-20170905_01(SR5)
JRE 1.8.0 IBM J9 2.9 Windows 7 amd64-64 Compressed References 20170901_363591 (JIT enabled, AOT enabled)
J9VM - d56eb84
JIT  - tr.open_20170901_140853_d56eb84
OMR  - b033a01
BootLoader constants: OS=win32, ARCH=x86_64, WS=win32, NL=ru_RU
Command-line arguments:  -clean -nl ru_RU -configuration D:\Program Files (x86)\IBM\ILOG\CPLEX_Studio128\workspace\.metadata\workspace_oplrun

!ENTRY ilog.odms.ide.opllang 2 0 2022-08-09 15:58:50.704
!MESSAGE opl_lang_wrap.IloSetGlobalLocale() null CP1251

!ENTRY ilog.odms.ide.opllang.remote 1 0 2022-08-09 15:58:50.764
!MESSAGE Run extra_matches in D:/Program Files (x86)/IBM/ILOG/CPLEX_Studio128/workspace/extra_matches
!SESSION 2022-08-09 16:06:06.034 -----------------------------------------------
eclipse.buildId=unknown
java.fullversion=8.0.5.0 - pwa6480sr5-20170905_01(SR5)
JRE 1.8.0 IBM J9 2.9 Windows 7 amd64-64 Compressed References 20170901_363591 (JIT enabled, AOT enabled)
J9VM - d56eb84
JIT  - tr.open_20170901_140853_d56eb84
OMR  - b033a01
BootLoader constants: OS=win32, ARCH=x86_64, WS=win32, NL=ru_RU
Command-line arguments:  -clean -nl ru_RU -configuration D:\Program Files (x86)\IBM\ILOG\CPLEX_Studio128\workspace\.metadata\workspace_oplrun

!ENTRY ilog.odms.ide.opllang 2 0 2022-08-09 16:06:06.034
!MESSAGE opl_lang_wrap.IloSetGlobalLocale() null CP1251

!ENTRY ilog.odms.ide.opllang.remote 1 0 2022-08-09 16:06:06.074
!MESSAGE Run extra_matches in D:/Program Files (x86)/IBM/ILOG/CPLEX_Studio128/workspace/extra_matches
!SESSION 2022-08-09 16:06:45.606 -----------------------------------------------
eclipse.buildId=unknown
java.fullversion=8.0.5.0 - pwa6480sr5-20170905_01(SR5)
JRE 1.8.0 IBM J9 2.9 Windows 7 amd64-64 Compressed References 20170901_363591 (JIT enabled, AOT enabled)
J9VM - d56eb84
JIT  - tr.open_20170901_140853_d56eb84
OMR  - b033a01
BootLoader constants: OS=win32, ARCH=x86_64, WS=win32, NL=ru_RU
Command-line arguments:  -clean -nl ru_RU -configuration D:\Program Files (x86)\IBM\ILOG\CPLEX_Studio128\workspace\.metadata\workspace_oplrun

!ENTRY ilog.odms.ide.opllang 2 0 2022-08-09 16:06:45.606
!MESSAGE opl_lang_wrap.IloSetGlobalLocale() null CP1251

!ENTRY ilog.odms.ide.opllang.remote 1 0 2022-08-09 16:06:45.726
!MESSAGE Run extra_matches in D:/Program Files (x86)/IBM/ILOG/CPLEX_Studio128/workspace/extra_matches
!SESSION 2022-08-09 16:07:16.352 -----------------------------------------------
eclipse.buildId=unknown
java.fullversion=8.0.5.0 - pwa6480sr5-20170905_01(SR5)
JRE 1.8.0 IBM J9 2.9 Windows 7 amd64-64 Compressed References 20170901_363591 (JIT enabled, AOT enabled)
J9VM - d56eb84
JIT  - tr.open_20170901_140853_d56eb84
OMR  - b033a01
BootLoader constants: OS=win32, ARCH=x86_64, WS=win32, NL=ru_RU
Command-line arguments:  -clean -nl ru_RU -configuration D:\Program Files (x86)\IBM\ILOG\CPLEX_Studio128\workspace\.metadata\workspace_oplrun

!ENTRY ilog.odms.ide.opllang 2 0 2022-08-09 16:07:16.352
!MESSAGE opl_lang_wrap.IloSetGlobalLocale() null CP1251

!ENTRY ilog.odms.ide.opllang.remote 1 0 2022-08-09 16:07:16.452
!MESSAGE Run extra_matches in D:/Program Files (x86)/IBM/ILOG/CPLEX_Studio128/workspace/extra_matches
!SESSION 2022-08-09 16:09:52.525 -----------------------------------------------
eclipse.buildId=unknown
java.fullversion=8.0.5.0 - pwa6480sr5-20170905_01(SR5)
JRE 1.8.0 IBM J9 2.9 Windows 7 amd64-64 Compressed References 20170901_363591 (JIT enabled, AOT enabled)
J9VM - d56eb84
JIT  - tr.open_20170901_140853_d56eb84
OMR  - b033a01
BootLoader constants: OS=win32, ARCH=x86_64, WS=win32, NL=ru_RU
Command-line arguments:  -clean -nl ru_RU -configuration D:\Program Files (x86)\IBM\ILOG\CPLEX_Studio128\workspace\.metadata\workspace_oplrun

!ENTRY ilog.odms.ide.opllang 2 0 2022-08-09 16:09:52.527
!MESSAGE opl_lang_wrap.IloSetGlobalLocale() null CP1251

!ENTRY ilog.odms.ide.opllang.remote 1 0 2022-08-09 16:09:52.579
!MESSAGE Run extra_matches in D:/Program Files (x86)/IBM/ILOG/CPLEX_Studio128/workspace/extra_matches
!SESSION 2022-08-09 16:10:24.468 -----------------------------------------------
eclipse.buildId=unknown
java.fullversion=8.0.5.0 - pwa6480sr5-20170905_01(SR5)
JRE 1.8.0 IBM J9 2.9 Windows 7 amd64-64 Compressed References 20170901_363591 (JIT enabled, AOT enabled)
J9VM - d56eb84
JIT  - tr.open_20170901_140853_d56eb84
OMR  - b033a01
BootLoader constants: OS=win32, ARCH=x86_64, WS=win32, NL=ru_RU
Command-line arguments:  -clean -nl ru_RU -configuration D:\Program Files (x86)\IBM\ILOG\CPLEX_Studio128\workspace\.metadata\workspace_oplrun

!ENTRY ilog.odms.ide.opllang 2 0 2022-08-09 16:10:24.468
!MESSAGE opl_lang_wrap.IloSetGlobalLocale() null CP1251

!ENTRY ilog.odms.ide.opllang.remote 1 0 2022-08-09 16:10:24.608
!MESSAGE Run extra_matches in D:/Program Files (x86)/IBM/ILOG/CPLEX_Studio128/workspace/extra_matches
!SESSION 2022-08-09 16:14:41.774 -----------------------------------------------
eclipse.buildId=unknown
java.fullversion=8.0.5.0 - pwa6480sr5-20170905_01(SR5)
JRE 1.8.0 IBM J9 2.9 Windows 7 amd64-64 Compressed References 20170901_363591 (JIT enabled, AOT enabled)
J9VM - d56eb84
JIT  - tr.open_20170901_140853_d56eb84
OMR  - b033a01
BootLoader constants: OS=win32, ARCH=x86_64, WS=win32, NL=ru_RU
Command-line arguments:  -clean -nl ru_RU -configuration D:\Program Files (x86)\IBM\ILOG\CPLEX_Studio128\workspace\.metadata\workspace_oplrun

!ENTRY ilog.odms.ide.opllang 2 0 2022-08-09 16:14:41.774
!MESSAGE opl_lang_wrap.IloSetGlobalLocale() null CP1251

!ENTRY ilog.odms.ide.opllang.remote 1 0 2022-08-09 16:14:41.844
!MESSAGE Run extra_matches in D:/Program Files (x86)/IBM/ILOG/CPLEX_Studio128/workspace/extra_matches
!SESSION 2022-08-09 16:38:45.161 -----------------------------------------------
eclipse.buildId=unknown
java.fullversion=8.0.5.0 - pwa6480sr5-20170905_01(SR5)
JRE 1.8.0 IBM J9 2.9 Windows 7 amd64-64 Compressed References 20170901_363591 (JIT enabled, AOT enabled)
J9VM - d56eb84
JIT  - tr.open_20170901_140853_d56eb84
OMR  - b033a01
BootLoader constants: OS=win32, ARCH=x86_64, WS=win32, NL=ru_RU
Command-line arguments:  -clean -nl ru_RU -configuration D:\Program Files (x86)\IBM\ILOG\CPLEX_Studio128\workspace\.metadata\workspace_oplrun

!ENTRY ilog.odms.ide.opllang 2 0 2022-08-09 16:38:45.163
!MESSAGE opl_lang_wrap.IloSetGlobalLocale() null CP1251

!ENTRY ilog.odms.ide.opllang.remote 1 0 2022-08-09 16:38:45.419
!MESSAGE Run extra_matches in D:/Program Files (x86)/IBM/ILOG/CPLEX_Studio128/workspace/extra_matches
!SESSION 2022-08-09 16:39:54.529 -----------------------------------------------
eclipse.buildId=unknown
java.fullversion=8.0.5.0 - pwa6480sr5-20170905_01(SR5)
JRE 1.8.0 IBM J9 2.9 Windows 7 amd64-64 Compressed References 20170901_363591 (JIT enabled, AOT enabled)
J9VM - d56eb84
JIT  - tr.open_20170901_140853_d56eb84
OMR  - b033a01
BootLoader constants: OS=win32, ARCH=x86_64, WS=win32, NL=ru_RU
Command-line arguments:  -clean -nl ru_RU -configuration D:\Program Files (x86)\IBM\ILOG\CPLEX_Studio128\workspace\.metadata\workspace_oplrun

!ENTRY ilog.odms.ide.opllang 2 0 2022-08-09 16:39:54.531
!MESSAGE opl_lang_wrap.IloSetGlobalLocale() null CP1251

!ENTRY ilog.odms.ide.opllang.remote 1 0 2022-08-09 16:39:54.565
!MESSAGE Run extra_matches in D:/Program Files (x86)/IBM/ILOG/CPLEX_Studio128/workspace/extra_matches
!SESSION 2022-08-09 17:42:05.366 -----------------------------------------------
eclipse.buildId=unknown
java.fullversion=8.0.5.0 - pwa6480sr5-20170905_01(SR5)
JRE 1.8.0 IBM J9 2.9 Windows 7 amd64-64 Compressed References 20170901_363591 (JIT enabled, AOT enabled)
J9VM - d56eb84
JIT  - tr.open_20170901_140853_d56eb84
OMR  - b033a01
BootLoader constants: OS=win32, ARCH=x86_64, WS=win32, NL=ru_RU
Command-line arguments:  -clean -nl ru_RU -configuration D:\Program Files (x86)\IBM\ILOG\CPLEX_Studio128\workspace\.metadata\workspace_oplrun

!ENTRY ilog.odms.ide.opllang 2 0 2022-08-09 17:42:05.366
!MESSAGE opl_lang_wrap.IloSetGlobalLocale() null CP1251

!ENTRY ilog.odms.ide.opllang.remote 1 0 2022-08-09 17:42:05.546
!MESSAGE Run extra_matches in D:/Program Files (x86)/IBM/ILOG/CPLEX_Studio128/workspace/extra_matches
!SESSION 2022-08-09 17:46:04.733 -----------------------------------------------
eclipse.buildId=unknown
java.fullversion=8.0.5.0 - pwa6480sr5-20170905_01(SR5)
JRE 1.8.0 IBM J9 2.9 Windows 7 amd64-64 Compressed References 20170901_363591 (JIT enabled, AOT enabled)
J9VM - d56eb84
JIT  - tr.open_20170901_140853_d56eb84
OMR  - b033a01
BootLoader constants: OS=win32, ARCH=x86_64, WS=win32, NL=ru_RU
Command-line arguments:  -clean -nl ru_RU -configuration D:\Program Files (x86)\IBM\ILOG\CPLEX_Studio128\workspace\.metadata\workspace_oplrun

!ENTRY ilog.odms.ide.opllang 2 0 2022-08-09 17:46:04.733
!MESSAGE opl_lang_wrap.IloSetGlobalLocale() null CP1251

!ENTRY ilog.odms.ide.opllang.remote 1 0 2022-08-09 17:46:04.973
!MESSAGE Run extra_matches in D:/Program Files (x86)/IBM/ILOG/CPLEX_Studio128/workspace/extra_matches
!SESSION 2022-08-09 17:59:42.485 -----------------------------------------------
eclipse.buildId=unknown
java.fullversion=8.0.5.0 - pwa6480sr5-20170905_01(SR5)
JRE 1.8.0 IBM J9 2.9 Windows 7 amd64-64 Compressed References 20170901_363591 (JIT enabled, AOT enabled)
J9VM - d56eb84
JIT  - tr.open_20170901_140853_d56eb84
OMR  - b033a01
BootLoader constants: OS=win32, ARCH=x86_64, WS=win32, NL=ru_RU
Command-line arguments:  -clean -nl ru_RU -configuration D:\Program Files (x86)\IBM\ILOG\CPLEX_Studio128\workspace\.metadata\workspace_oplrun

!ENTRY ilog.odms.ide.opllang 2 0 2022-08-09 17:59:42.485
!MESSAGE opl_lang_wrap.IloSetGlobalLocale() null CP1251

!ENTRY ilog.odms.ide.opllang.remote 1 0 2022-08-09 17:59:42.555
!MESSAGE Run extra_matches in D:/Program Files (x86)/IBM/ILOG/CPLEX_Studio128/workspace/extra_matches
!SESSION 2022-08-09 18:05:20.094 -----------------------------------------------
eclipse.buildId=unknown
java.fullversion=8.0.5.0 - pwa6480sr5-20170905_01(SR5)
JRE 1.8.0 IBM J9 2.9 Windows 7 amd64-64 Compressed References 20170901_363591 (JIT enabled, AOT enabled)
J9VM - d56eb84
JIT  - tr.open_20170901_140853_d56eb84
OMR  - b033a01
BootLoader constants: OS=win32, ARCH=x86_64, WS=win32, NL=ru_RU
Command-line arguments:  -clean -nl ru_RU -configuration D:\Program Files (x86)\IBM\ILOG\CPLEX_Studio128\workspace\.metadata\workspace_oplrun

!ENTRY ilog.odms.ide.opllang 2 0 2022-08-09 18:05:20.104
!MESSAGE opl_lang_wrap.IloSetGlobalLocale() null CP1251

!ENTRY ilog.odms.ide.opllang.remote 1 0 2022-08-09 18:05:20.194
!MESSAGE Run extra_matches in D:/Program Files (x86)/IBM/ILOG/CPLEX_Studio128/workspace/extra_matches
!SESSION 2022-08-09 18:08:13.425 -----------------------------------------------
eclipse.buildId=unknown
java.fullversion=8.0.5.0 - pwa6480sr5-20170905_01(SR5)
JRE 1.8.0 IBM J9 2.9 Windows 7 amd64-64 Compressed References 20170901_363591 (JIT enabled, AOT enabled)
J9VM - d56eb84
JIT  - tr.open_20170901_140853_d56eb84
OMR  - b033a01
BootLoader constants: OS=win32, ARCH=x86_64, WS=win32, NL=ru_RU
Command-line arguments:  -clean -nl ru_RU -configuration D:\Program Files (x86)\IBM\ILOG\CPLEX_Studio128\workspace\.metadata\workspace_oplrun

!ENTRY ilog.odms.ide.opllang 2 0 2022-08-09 18:08:13.425
!MESSAGE opl_lang_wrap.IloSetGlobalLocale() null CP1251

!ENTRY ilog.odms.ide.opllang.remote 1 0 2022-08-09 18:08:13.475
!MESSAGE Run extra_matches in D:/Program Files (x86)/IBM/ILOG/CPLEX_Studio128/workspace/extra_matches
!SESSION 2022-08-09 18:17:22.337 -----------------------------------------------
eclipse.buildId=unknown
java.fullversion=8.0.5.0 - pwa6480sr5-20170905_01(SR5)
JRE 1.8.0 IBM J9 2.9 Windows 7 amd64-64 Compressed References 20170901_363591 (JIT enabled, AOT enabled)
J9VM - d56eb84
JIT  - tr.open_20170901_140853_d56eb84
OMR  - b033a01
BootLoader constants: OS=win32, ARCH=x86_64, WS=win32, NL=ru_RU
Command-line arguments:  -clean -nl ru_RU -configuration D:\Program Files (x86)\IBM\ILOG\CPLEX_Studio128\workspace\.metadata\workspace_oplrun

!ENTRY ilog.odms.ide.opllang 2 0 2022-08-09 18:17:22.337
!MESSAGE opl_lang_wrap.IloSetGlobalLocale() null CP1251

!ENTRY ilog.odms.ide.opllang.remote 1 0 2022-08-09 18:17:22.377
!MESSAGE Run extra_matches in D:/Program Files (x86)/IBM/ILOG/CPLEX_Studio128/workspace/extra_matches
!SESSION 2022-08-09 18:18:10.472 -----------------------------------------------
eclipse.buildId=unknown
java.fullversion=8.0.5.0 - pwa6480sr5-20170905_01(SR5)
JRE 1.8.0 IBM J9 2.9 Windows 7 amd64-64 Compressed References 20170901_363591 (JIT enabled, AOT enabled)
J9VM - d56eb84
JIT  - tr.open_20170901_140853_d56eb84
OMR  - b033a01
BootLoader constants: OS=win32, ARCH=x86_64, WS=win32, NL=ru_RU
Command-line arguments:  -clean -nl ru_RU -configuration D:\Program Files (x86)\IBM\ILOG\CPLEX_Studio128\workspace\.metadata\workspace_oplrun

!ENTRY ilog.odms.ide.opllang 2 0 2022-08-09 18:18:10.472
!MESSAGE opl_lang_wrap.IloSetGlobalLocale() null CP1251

!ENTRY ilog.odms.ide.opllang.remote 1 0 2022-08-09 18:18:10.532
!MESSAGE Run extra_matches in D:/Program Files (x86)/IBM/ILOG/CPLEX_Studio128/workspace/extra_matches
!SESSION 2022-08-09 18:18:23.039 -----------------------------------------------
eclipse.buildId=unknown
java.fullversion=8.0.5.0 - pwa6480sr5-20170905_01(SR5)
JRE 1.8.0 IBM J9 2.9 Windows 7 amd64-64 Compressed References 20170901_363591 (JIT enabled, AOT enabled)
J9VM - d56eb84
JIT  - tr.open_20170901_140853_d56eb84
OMR  - b033a01
BootLoader constants: OS=win32, ARCH=x86_64, WS=win32, NL=ru_RU
Command-line arguments:  -clean -nl ru_RU -configuration D:\Program Files (x86)\IBM\ILOG\CPLEX_Studio128\workspace\.metadata\workspace_oplrun

!ENTRY ilog.odms.ide.opllang 2 0 2022-08-09 18:18:23.039
!MESSAGE opl_lang_wrap.IloSetGlobalLocale() null CP1251

!ENTRY ilog.odms.ide.opllang.remote 1 0 2022-08-09 18:18:23.149
!MESSAGE Run extra_matches in D:/Program Files (x86)/IBM/ILOG/CPLEX_Studio128/workspace/extra_matches
!SESSION 2022-08-09 18:24:10.708 -----------------------------------------------
eclipse.buildId=unknown
java.fullversion=8.0.5.0 - pwa6480sr5-20170905_01(SR5)
JRE 1.8.0 IBM J9 2.9 Windows 7 amd64-64 Compressed References 20170901_363591 (JIT enabled, AOT enabled)
J9VM - d56eb84
JIT  - tr.open_20170901_140853_d56eb84
OMR  - b033a01
BootLoader constants: OS=win32, ARCH=x86_64, WS=win32, NL=ru_RU
Command-line arguments:  -clean -nl ru_RU -configuration D:\Program Files (x86)\IBM\ILOG\CPLEX_Studio128\workspace\.metadata\workspace_oplrun

!ENTRY ilog.odms.ide.opllang 2 0 2022-08-09 18:24:10.708
!MESSAGE opl_lang_wrap.IloSetGlobalLocale() null CP1251

!ENTRY ilog.odms.ide.opllang.remote 1 0 2022-08-09 18:24:10.748
!MESSAGE Run extra_matches in D:/Program Files (x86)/IBM/ILOG/CPLEX_Studio128/workspace/extra_matches
!SESSION 2022-08-09 18:25:23.649 -----------------------------------------------
eclipse.buildId=unknown
java.fullversion=8.0.5.0 - pwa6480sr5-20170905_01(SR5)
JRE 1.8.0 IBM J9 2.9 Windows 7 amd64-64 Compressed References 20170901_363591 (JIT enabled, AOT enabled)
J9VM - d56eb84
JIT  - tr.open_20170901_140853_d56eb84
OMR  - b033a01
BootLoader constants: OS=win32, ARCH=x86_64, WS=win32, NL=ru_RU
Command-line arguments:  -clean -nl ru_RU -configuration D:\Program Files (x86)\IBM\ILOG\CPLEX_Studio128\workspace\.metadata\workspace_oplrun

!ENTRY ilog.odms.ide.opllang 2 0 2022-08-09 18:25:23.649
!MESSAGE opl_lang_wrap.IloSetGlobalLocale() null CP1251

!ENTRY ilog.odms.ide.opllang.remote 1 0 2022-08-09 18:25:23.699
!MESSAGE Run extra_matches in D:/Program Files (x86)/IBM/ILOG/CPLEX_Studio128/workspace/extra_matches
!SESSION 2022-08-09 18:25:47.951 -----------------------------------------------
eclipse.buildId=unknown
java.fullversion=8.0.5.0 - pwa6480sr5-20170905_01(SR5)
JRE 1.8.0 IBM J9 2.9 Windows 7 amd64-64 Compressed References 20170901_363591 (JIT enabled, AOT enabled)
J9VM - d56eb84
JIT  - tr.open_20170901_140853_d56eb84
OMR  - b033a01
BootLoader constants: OS=win32, ARCH=x86_64, WS=win32, NL=ru_RU
Command-line arguments:  -clean -nl ru_RU -configuration D:\Program Files (x86)\IBM\ILOG\CPLEX_Studio128\workspace\.metadata\workspace_oplrun

!ENTRY ilog.odms.ide.opllang 2 0 2022-08-09 18:25:47.951
!MESSAGE opl_lang_wrap.IloSetGlobalLocale() null CP1251

!ENTRY ilog.odms.ide.opllang.remote 1 0 2022-08-09 18:25:48.001
!MESSAGE Run extra_matches in D:/Program Files (x86)/IBM/ILOG/CPLEX_Studio128/workspace/extra_matches
!SESSION 2022-08-09 18:26:36.588 -----------------------------------------------
eclipse.buildId=unknown
java.fullversion=8.0.5.0 - pwa6480sr5-20170905_01(SR5)
JRE 1.8.0 IBM J9 2.9 Windows 7 amd64-64 Compressed References 20170901_363591 (JIT enabled, AOT enabled)
J9VM - d56eb84
JIT  - tr.open_20170901_140853_d56eb84
OMR  - b033a01
BootLoader constants: OS=win32, ARCH=x86_64, WS=win32, NL=ru_RU
Command-line arguments:  -clean -nl ru_RU -configuration D:\Program Files (x86)\IBM\ILOG\CPLEX_Studio128\workspace\.metadata\workspace_oplrun

!ENTRY ilog.odms.ide.opllang 2 0 2022-08-09 18:26:36.588
!MESSAGE opl_lang_wrap.IloSetGlobalLocale() null CP1251

!ENTRY ilog.odms.ide.opllang.remote 1 0 2022-08-09 18:26:36.648
!MESSAGE Run extra_matches in D:/Program Files (x86)/IBM/ILOG/CPLEX_Studio128/workspace/extra_matches
!SESSION 2022-08-09 18:27:08.150 -----------------------------------------------
eclipse.buildId=unknown
java.fullversion=8.0.5.0 - pwa6480sr5-20170905_01(SR5)
JRE 1.8.0 IBM J9 2.9 Windows 7 amd64-64 Compressed References 20170901_363591 (JIT enabled, AOT enabled)
J9VM - d56eb84
JIT  - tr.open_20170901_140853_d56eb84
OMR  - b033a01
BootLoader constants: OS=win32, ARCH=x86_64, WS=win32, NL=ru_RU
Command-line arguments:  -clean -nl ru_RU -configuration D:\Program Files (x86)\IBM\ILOG\CPLEX_Studio128\workspace\.metadata\workspace_oplrun

!ENTRY ilog.odms.ide.opllang 2 0 2022-08-09 18:27:08.150
!MESSAGE opl_lang_wrap.IloSetGlobalLocale() null CP1251

!ENTRY ilog.odms.ide.opllang.remote 1 0 2022-08-09 18:27:08.210
!MESSAGE Run extra_matches in D:/Program Files (x86)/IBM/ILOG/CPLEX_Studio128/workspace/extra_matches
!SESSION 2022-08-09 18:38:30.786 -----------------------------------------------
eclipse.buildId=unknown
java.fullversion=8.0.5.0 - pwa6480sr5-20170905_01(SR5)
JRE 1.8.0 IBM J9 2.9 Windows 7 amd64-64 Compressed References 20170901_363591 (JIT enabled, AOT enabled)
J9VM - d56eb84
JIT  - tr.open_20170901_140853_d56eb84
OMR  - b033a01
BootLoader constants: OS=win32, ARCH=x86_64, WS=win32, NL=ru_RU
Command-line arguments:  -clean -nl ru_RU -configuration D:\Program Files (x86)\IBM\ILOG\CPLEX_Studio128\workspace\.metadata\workspace_oplrun

!ENTRY ilog.odms.ide.opllang 2 0 2022-08-09 18:38:30.786
!MESSAGE opl_lang_wrap.IloSetGlobalLocale() null CP1251

!ENTRY ilog.odms.ide.opllang.remote 1 0 2022-08-09 18:38:30.846
!MESSAGE Run extra_matches in D:/Program Files (x86)/IBM/ILOG/CPLEX_Studio128/workspace/extra_matches
!SESSION 2022-08-09 18:47:15.535 -----------------------------------------------
eclipse.buildId=unknown
java.fullversion=8.0.5.0 - pwa6480sr5-20170905_01(SR5)
JRE 1.8.0 IBM J9 2.9 Windows 7 amd64-64 Compressed References 20170901_363591 (JIT enabled, AOT enabled)
J9VM - d56eb84
JIT  - tr.open_20170901_140853_d56eb84
OMR  - b033a01
BootLoader constants: OS=win32, ARCH=x86_64, WS=win32, NL=ru_RU
Command-line arguments:  -clean -nl ru_RU -configuration D:\Program Files (x86)\IBM\ILOG\CPLEX_Studio128\workspace\.metadata\workspace_oplrun

!ENTRY ilog.odms.ide.opllang 2 0 2022-08-09 18:47:15.535
!MESSAGE opl_lang_wrap.IloSetGlobalLocale() null CP1251

!ENTRY ilog.odms.ide.opllang.remote 1 0 2022-08-09 18:47:15.605
!MESSAGE Run extra_matches in D:/Program Files (x86)/IBM/ILOG/CPLEX_Studio128/workspace/extra_matches
!SESSION 2022-08-09 19:01:36.596 -----------------------------------------------
eclipse.buildId=unknown
java.fullversion=8.0.5.0 - pwa6480sr5-20170905_01(SR5)
JRE 1.8.0 IBM J9 2.9 Windows 7 amd64-64 Compressed References 20170901_363591 (JIT enabled, AOT enabled)
J9VM - d56eb84
JIT  - tr.open_20170901_140853_d56eb84
OMR  - b033a01
BootLoader constants: OS=win32, ARCH=x86_64, WS=win32, NL=ru_RU
Command-line arguments:  -clean -nl ru_RU -configuration D:\Program Files (x86)\IBM\ILOG\CPLEX_Studio128\workspace\.metadata\workspace_oplrun

!ENTRY ilog.odms.ide.opllang 2 0 2022-08-09 19:01:36.596
!MESSAGE opl_lang_wrap.IloSetGlobalLocale() null CP1251

!ENTRY ilog.odms.ide.opllang.remote 1 0 2022-08-09 19:01:36.836
!MESSAGE Run extra_matches in D:/Program Files (x86)/IBM/ILOG/CPLEX_Studio128/workspace/extra_matches
!SESSION 2022-08-10 11:46:08.435 -----------------------------------------------
eclipse.buildId=unknown
java.fullversion=8.0.5.0 - pwa6480sr5-20170905_01(SR5)
JRE 1.8.0 IBM J9 2.9 Windows 7 amd64-64 Compressed References 20170901_363591 (JIT enabled, AOT enabled)
J9VM - d56eb84
JIT  - tr.open_20170901_140853_d56eb84
OMR  - b033a01
BootLoader constants: OS=win32, ARCH=x86_64, WS=win32, NL=ru_RU
Command-line arguments:  -clean -nl ru_RU -configuration D:\Program Files (x86)\IBM\ILOG\CPLEX_Studio128\workspace\.metadata\workspace_oplrun

!ENTRY ilog.odms.ide.opllang 2 0 2022-08-10 11:46:08.436
!MESSAGE opl_lang_wrap.IloSetGlobalLocale() null CP1251

!ENTRY ilog.odms.ide.opllang.remote 1 0 2022-08-10 11:46:08.495
!MESSAGE Run extra_matches in D:/Program Files (x86)/IBM/ILOG/CPLEX_Studio128/workspace/extra_matches
!SESSION 2022-08-10 11:46:58.818 -----------------------------------------------
eclipse.buildId=unknown
java.fullversion=8.0.5.0 - pwa6480sr5-20170905_01(SR5)
JRE 1.8.0 IBM J9 2.9 Windows 7 amd64-64 Compressed References 20170901_363591 (JIT enabled, AOT enabled)
J9VM - d56eb84
JIT  - tr.open_20170901_140853_d56eb84
OMR  - b033a01
BootLoader constants: OS=win32, ARCH=x86_64, WS=win32, NL=ru_RU
Command-line arguments:  -clean -nl ru_RU -configuration D:\Program Files (x86)\IBM\ILOG\CPLEX_Studio128\workspace\.metadata\workspace_oplrun

!ENTRY ilog.odms.ide.opllang 2 0 2022-08-10 11:46:58.819
!MESSAGE opl_lang_wrap.IloSetGlobalLocale() null CP1251

!ENTRY ilog.odms.ide.opllang.remote 1 0 2022-08-10 11:46:59.052
!MESSAGE Run extra_matches in D:/Program Files (x86)/IBM/ILOG/CPLEX_Studio128/workspace/extra_matches
!SESSION 2022-08-10 11:48:25.986 -----------------------------------------------
eclipse.buildId=unknown
java.fullversion=8.0.5.0 - pwa6480sr5-20170905_01(SR5)
JRE 1.8.0 IBM J9 2.9 Windows 7 amd64-64 Compressed References 20170901_363591 (JIT enabled, AOT enabled)
J9VM - d56eb84
JIT  - tr.open_20170901_140853_d56eb84
OMR  - b033a01
BootLoader constants: OS=win32, ARCH=x86_64, WS=win32, NL=ru_RU
Command-line arguments:  -clean -nl ru_RU -configuration D:\Program Files (x86)\IBM\ILOG\CPLEX_Studio128\workspace\.metadata\workspace_oplrun

!ENTRY ilog.odms.ide.opllang 2 0 2022-08-10 11:48:25.987
!MESSAGE opl_lang_wrap.IloSetGlobalLocale() null CP1251

!ENTRY ilog.odms.ide.opllang.remote 1 0 2022-08-10 11:48:26.148
!MESSAGE Run extra_matches in D:/Program Files (x86)/IBM/ILOG/CPLEX_Studio128/workspace/extra_matches
!SESSION 2022-08-10 11:51:20.260 -----------------------------------------------
eclipse.buildId=unknown
java.fullversion=8.0.5.0 - pwa6480sr5-20170905_01(SR5)
JRE 1.8.0 IBM J9 2.9 Windows 7 amd64-64 Compressed References 20170901_363591 (JIT enabled, AOT enabled)
J9VM - d56eb84
JIT  - tr.open_20170901_140853_d56eb84
OMR  - b033a01
BootLoader constants: OS=win32, ARCH=x86_64, WS=win32, NL=ru_RU
Command-line arguments:  -clean -nl ru_RU -configuration D:\Program Files (x86)\IBM\ILOG\CPLEX_Studio128\workspace\.metadata\workspace_oplrun

!ENTRY ilog.odms.ide.opllang 2 0 2022-08-10 11:51:20.261
!MESSAGE opl_lang_wrap.IloSetGlobalLocale() null CP1251

!ENTRY ilog.odms.ide.opllang.remote 1 0 2022-08-10 11:51:20.456
!MESSAGE Run extra_matches in D:/Program Files (x86)/IBM/ILOG/CPLEX_Studio128/workspace/extra_matches
!SESSION 2022-08-10 11:59:45.956 -----------------------------------------------
eclipse.buildId=unknown
java.fullversion=8.0.5.0 - pwa6480sr5-20170905_01(SR5)
JRE 1.8.0 IBM J9 2.9 Windows 7 amd64-64 Compressed References 20170901_363591 (JIT enabled, AOT enabled)
J9VM - d56eb84
JIT  - tr.open_20170901_140853_d56eb84
OMR  - b033a01
BootLoader constants: OS=win32, ARCH=x86_64, WS=win32, NL=ru_RU
Command-line arguments:  -clean -nl ru_RU -configuration D:\Program Files (x86)\IBM\ILOG\CPLEX_Studio128\workspace\.metadata\workspace_oplrun

!ENTRY ilog.odms.ide.opllang 2 0 2022-08-10 11:59:45.957
!MESSAGE opl_lang_wrap.IloSetGlobalLocale() null CP1251

!ENTRY ilog.odms.ide.opllang.remote 1 0 2022-08-10 11:59:46.000
!MESSAGE Run extra_matches in D:/Program Files (x86)/IBM/ILOG/CPLEX_Studio128/workspace/extra_matches
!SESSION 2022-08-10 12:00:39.735 -----------------------------------------------
eclipse.buildId=unknown
java.fullversion=8.0.5.0 - pwa6480sr5-20170905_01(SR5)
JRE 1.8.0 IBM J9 2.9 Windows 7 amd64-64 Compressed References 20170901_363591 (JIT enabled, AOT enabled)
J9VM - d56eb84
JIT  - tr.open_20170901_140853_d56eb84
OMR  - b033a01
BootLoader constants: OS=win32, ARCH=x86_64, WS=win32, NL=ru_RU
Command-line arguments:  -clean -nl ru_RU -configuration D:\Program Files (x86)\IBM\ILOG\CPLEX_Studio128\workspace\.metadata\workspace_oplrun

!ENTRY ilog.odms.ide.opllang 2 0 2022-08-10 12:00:39.736
!MESSAGE opl_lang_wrap.IloSetGlobalLocale() null CP1251

!ENTRY ilog.odms.ide.opllang.remote 1 0 2022-08-10 12:00:39.787
!MESSAGE Run extra_matches in D:/Program Files (x86)/IBM/ILOG/CPLEX_Studio128/workspace/extra_matches
!SESSION 2022-08-10 12:01:00.105 -----------------------------------------------
eclipse.buildId=unknown
java.fullversion=8.0.5.0 - pwa6480sr5-20170905_01(SR5)
JRE 1.8.0 IBM J9 2.9 Windows 7 amd64-64 Compressed References 20170901_363591 (JIT enabled, AOT enabled)
J9VM - d56eb84
JIT  - tr.open_20170901_140853_d56eb84
OMR  - b033a01
BootLoader constants: OS=win32, ARCH=x86_64, WS=win32, NL=ru_RU
Command-line arguments:  -clean -nl ru_RU -configuration D:\Program Files (x86)\IBM\ILOG\CPLEX_Studio128\workspace\.metadata\workspace_oplrun

!ENTRY ilog.odms.ide.opllang 2 0 2022-08-10 12:01:00.106
!MESSAGE opl_lang_wrap.IloSetGlobalLocale() null CP1251

!ENTRY ilog.odms.ide.opllang.remote 1 0 2022-08-10 12:01:00.384
!MESSAGE Run extra_matches in D:/Program Files (x86)/IBM/ILOG/CPLEX_Studio128/workspace/extra_matches
!SESSION 2022-08-10 12:01:29.500 -----------------------------------------------
eclipse.buildId=unknown
java.fullversion=8.0.5.0 - pwa6480sr5-20170905_01(SR5)
JRE 1.8.0 IBM J9 2.9 Windows 7 amd64-64 Compressed References 20170901_363591 (JIT enabled, AOT enabled)
J9VM - d56eb84
JIT  - tr.open_20170901_140853_d56eb84
OMR  - b033a01
BootLoader constants: OS=win32, ARCH=x86_64, WS=win32, NL=ru_RU
Command-line arguments:  -clean -nl ru_RU -configuration D:\Program Files (x86)\IBM\ILOG\CPLEX_Studio128\workspace\.metadata\workspace_oplrun

!ENTRY ilog.odms.ide.opllang 2 0 2022-08-10 12:01:29.502
!MESSAGE opl_lang_wrap.IloSetGlobalLocale() null CP1251

!ENTRY ilog.odms.ide.opllang.remote 1 0 2022-08-10 12:01:29.557
!MESSAGE Run extra_matches in D:/Program Files (x86)/IBM/ILOG/CPLEX_Studio128/workspace/extra_matches
!SESSION 2022-08-10 12:01:58.569 -----------------------------------------------
eclipse.buildId=unknown
java.fullversion=8.0.5.0 - pwa6480sr5-20170905_01(SR5)
JRE 1.8.0 IBM J9 2.9 Windows 7 amd64-64 Compressed References 20170901_363591 (JIT enabled, AOT enabled)
J9VM - d56eb84
JIT  - tr.open_20170901_140853_d56eb84
OMR  - b033a01
BootLoader constants: OS=win32, ARCH=x86_64, WS=win32, NL=ru_RU
Command-line arguments:  -clean -nl ru_RU -configuration D:\Program Files (x86)\IBM\ILOG\CPLEX_Studio128\workspace\.metadata\workspace_oplrun

!ENTRY ilog.odms.ide.opllang 2 0 2022-08-10 12:01:58.570
!MESSAGE opl_lang_wrap.IloSetGlobalLocale() null CP1251

!ENTRY ilog.odms.ide.opllang.remote 1 0 2022-08-10 12:01:58.835
!MESSAGE Run extra_matches in D:/Program Files (x86)/IBM/ILOG/CPLEX_Studio128/workspace/extra_matches
!SESSION 2022-08-10 12:02:21.131 -----------------------------------------------
eclipse.buildId=unknown
java.fullversion=8.0.5.0 - pwa6480sr5-20170905_01(SR5)
JRE 1.8.0 IBM J9 2.9 Windows 7 amd64-64 Compressed References 20170901_363591 (JIT enabled, AOT enabled)
J9VM - d56eb84
JIT  - tr.open_20170901_140853_d56eb84
OMR  - b033a01
BootLoader constants: OS=win32, ARCH=x86_64, WS=win32, NL=ru_RU
Command-line arguments:  -clean -nl ru_RU -configuration D:\Program Files (x86)\IBM\ILOG\CPLEX_Studio128\workspace\.metadata\workspace_oplrun

!ENTRY ilog.odms.ide.opllang 2 0 2022-08-10 12:02:21.132
!MESSAGE opl_lang_wrap.IloSetGlobalLocale() null CP1251

!ENTRY ilog.odms.ide.opllang.remote 1 0 2022-08-10 12:02:21.379
!MESSAGE Run extra_matches in D:/Program Files (x86)/IBM/ILOG/CPLEX_Studio128/workspace/extra_matches
!SESSION 2022-08-10 12:02:59.759 -----------------------------------------------
eclipse.buildId=unknown
java.fullversion=8.0.5.0 - pwa6480sr5-20170905_01(SR5)
JRE 1.8.0 IBM J9 2.9 Windows 7 amd64-64 Compressed References 20170901_363591 (JIT enabled, AOT enabled)
J9VM - d56eb84
JIT  - tr.open_20170901_140853_d56eb84
OMR  - b033a01
BootLoader constants: OS=win32, ARCH=x86_64, WS=win32, NL=ru_RU
Command-line arguments:  -clean -nl ru_RU -configuration D:\Program Files (x86)\IBM\ILOG\CPLEX_Studio128\workspace\.metadata\workspace_oplrun

!ENTRY ilog.odms.ide.opllang 2 0 2022-08-10 12:02:59.760
!MESSAGE opl_lang_wrap.IloSetGlobalLocale() null CP1251

!ENTRY ilog.odms.ide.opllang.remote 1 0 2022-08-10 12:02:59.850
!MESSAGE Run extra_matches in D:/Program Files (x86)/IBM/ILOG/CPLEX_Studio128/workspace/extra_matches
!SESSION 2022-08-10 12:03:24.934 -----------------------------------------------
eclipse.buildId=unknown
java.fullversion=8.0.5.0 - pwa6480sr5-20170905_01(SR5)
JRE 1.8.0 IBM J9 2.9 Windows 7 amd64-64 Compressed References 20170901_363591 (JIT enabled, AOT enabled)
J9VM - d56eb84
JIT  - tr.open_20170901_140853_d56eb84
OMR  - b033a01
BootLoader constants: OS=win32, ARCH=x86_64, WS=win32, NL=ru_RU
Command-line arguments:  -clean -nl ru_RU -configuration D:\Program Files (x86)\IBM\ILOG\CPLEX_Studio128\workspace\.metadata\workspace_oplrun

!ENTRY ilog.odms.ide.opllang 2 0 2022-08-10 12:03:24.935
!MESSAGE opl_lang_wrap.IloSetGlobalLocale() null CP1251

!ENTRY ilog.odms.ide.opllang.remote 1 0 2022-08-10 12:03:25.188
!MESSAGE Run extra_matches in D:/Program Files (x86)/IBM/ILOG/CPLEX_Studio128/workspace/extra_matches
!SESSION 2022-08-10 12:06:19.781 -----------------------------------------------
eclipse.buildId=unknown
java.fullversion=8.0.5.0 - pwa6480sr5-20170905_01(SR5)
JRE 1.8.0 IBM J9 2.9 Windows 7 amd64-64 Compressed References 20170901_363591 (JIT enabled, AOT enabled)
J9VM - d56eb84
JIT  - tr.open_20170901_140853_d56eb84
OMR  - b033a01
BootLoader constants: OS=win32, ARCH=x86_64, WS=win32, NL=ru_RU
Command-line arguments:  -clean -nl ru_RU -configuration D:\Program Files (x86)\IBM\ILOG\CPLEX_Studio128\workspace\.metadata\workspace_oplrun

!ENTRY ilog.odms.ide.opllang 2 0 2022-08-10 12:06:19.783
!MESSAGE opl_lang_wrap.IloSetGlobalLocale() null CP1251

!ENTRY ilog.odms.ide.opllang.remote 1 0 2022-08-10 12:06:19.827
!MESSAGE Run extra_matches in D:/Program Files (x86)/IBM/ILOG/CPLEX_Studio128/workspace/extra_matches
!SESSION 2022-08-10 12:06:44.489 -----------------------------------------------
eclipse.buildId=unknown
java.fullversion=8.0.5.0 - pwa6480sr5-20170905_01(SR5)
JRE 1.8.0 IBM J9 2.9 Windows 7 amd64-64 Compressed References 20170901_363591 (JIT enabled, AOT enabled)
J9VM - d56eb84
JIT  - tr.open_20170901_140853_d56eb84
OMR  - b033a01
BootLoader constants: OS=win32, ARCH=x86_64, WS=win32, NL=ru_RU
Command-line arguments:  -clean -nl ru_RU -configuration D:\Program Files (x86)\IBM\ILOG\CPLEX_Studio128\workspace\.metadata\workspace_oplrun

!ENTRY ilog.odms.ide.opllang 2 0 2022-08-10 12:06:44.490
!MESSAGE opl_lang_wrap.IloSetGlobalLocale() null CP1251

!ENTRY ilog.odms.ide.opllang.remote 1 0 2022-08-10 12:06:44.600
!MESSAGE Run extra_matches in D:/Program Files (x86)/IBM/ILOG/CPLEX_Studio128/workspace/extra_matches
!SESSION 2022-08-10 12:07:21.292 -----------------------------------------------
eclipse.buildId=unknown
java.fullversion=8.0.5.0 - pwa6480sr5-20170905_01(SR5)
JRE 1.8.0 IBM J9 2.9 Windows 7 amd64-64 Compressed References 20170901_363591 (JIT enabled, AOT enabled)
J9VM - d56eb84
JIT  - tr.open_20170901_140853_d56eb84
OMR  - b033a01
BootLoader constants: OS=win32, ARCH=x86_64, WS=win32, NL=ru_RU
Command-line arguments:  -clean -nl ru_RU -configuration D:\Program Files (x86)\IBM\ILOG\CPLEX_Studio128\workspace\.metadata\workspace_oplrun

!ENTRY ilog.odms.ide.opllang 2 0 2022-08-10 12:07:21.293
!MESSAGE opl_lang_wrap.IloSetGlobalLocale() null CP1251

!ENTRY ilog.odms.ide.opllang.remote 1 0 2022-08-10 12:07:21.327
!MESSAGE Run extra_matches in D:/Program Files (x86)/IBM/ILOG/CPLEX_Studio128/workspace/extra_matches
!SESSION 2022-08-10 12:10:30.179 -----------------------------------------------
eclipse.buildId=unknown
java.fullversion=8.0.5.0 - pwa6480sr5-20170905_01(SR5)
JRE 1.8.0 IBM J9 2.9 Windows 7 amd64-64 Compressed References 20170901_363591 (JIT enabled, AOT enabled)
J9VM - d56eb84
JIT  - tr.open_20170901_140853_d56eb84
OMR  - b033a01
BootLoader constants: OS=win32, ARCH=x86_64, WS=win32, NL=ru_RU
Command-line arguments:  -clean -nl ru_RU -configuration D:\Program Files (x86)\IBM\ILOG\CPLEX_Studio128\workspace\.metadata\workspace_oplrun

!ENTRY ilog.odms.ide.opllang 2 0 2022-08-10 12:10:30.180
!MESSAGE opl_lang_wrap.IloSetGlobalLocale() null CP1251

!ENTRY ilog.odms.ide.opllang.remote 1 0 2022-08-10 12:10:30.413
!MESSAGE Run extra_matches in D:/Program Files (x86)/IBM/ILOG/CPLEX_Studio128/workspace/extra_matches
